<?xml version="1.0" encoding="UTF-8"?>
<testsuites>
  <testsuite name="" tests="35" assertions="247" errors="0" warnings="0" failures="0" skipped="0" time="0.015550">
    <testsuite name="Card Game Test Suite" tests="35" assertions="247" errors="0" warnings="0" failures="0" skipped="0" time="0.015550">
      <testsuite name="Tests\CardTest" file="/home/kamar/dbwebb-kurser/mvc/me/report/tests/CardTest.php" tests="4" assertions="8" errors="0" warnings="0" failures="0" skipped="0" time="0.002180">
        <testcase name="testCardHasSuitAndValue" class="Tests\CardTest" classname="Tests.CardTest" file="/home/kamar/dbwebb-kurser/mvc/me/report/tests/CardTest.php" line="10" assertions="3" time="0.001416"/>
        <testcase name="testCardToString" class="Tests\CardTest" classname="Tests.CardTest" file="/home/kamar/dbwebb-kurser/mvc/me/report/tests/CardTest.php" line="18" assertions="1" time="0.000196"/>
        <testcase name="testCardGetAsString" class="Tests\CardTest" classname="Tests.CardTest" file="/home/kamar/dbwebb-kurser/mvc/me/report/tests/CardTest.php" line="24" assertions="1" time="0.000199"/>
        <testcase name="testCardValueTypes" class="Tests\CardTest" classname="Tests.CardTest" file="/home/kamar/dbwebb-kurser/mvc/me/report/tests/CardTest.php" line="30" assertions="3" time="0.000368"/>
      </testsuite>
      <testsuite name="Tests\Game\CardTest" file="/home/kamar/dbwebb-kurser/mvc/me/report/tests/Game/CardTest.php" tests="5" assertions="13" errors="0" warnings="0" failures="0" skipped="0" time="0.001241">
        <testcase name="testCardCreation" class="Tests\Game\CardTest" classname="Tests.Game.CardTest" file="/home/kamar/dbwebb-kurser/mvc/me/report/tests/Game/CardTest.php" line="10" assertions="4" time="0.000336"/>
        <testcase name="testToString" class="Tests\Game\CardTest" classname="Tests.Game.CardTest" file="/home/kamar/dbwebb-kurser/mvc/me/report/tests/Game/CardTest.php" line="20" assertions="1" time="0.000194"/>
        <testcase name="testGetAsString" class="Tests\Game\CardTest" classname="Tests.Game.CardTest" file="/home/kamar/dbwebb-kurser/mvc/me/report/tests/Game/CardTest.php" line="27" assertions="1" time="0.000197"/>
        <testcase name="testGetAsStringWithAllSuits" class="Tests\Game\CardTest" classname="Tests.Game.CardTest" file="/home/kamar/dbwebb-kurser/mvc/me/report/tests/Game/CardTest.php" line="34" assertions="4" time="0.000310"/>
        <testcase name="testCardValueTypes" class="Tests\Game\CardTest" classname="Tests.Game.CardTest" file="/home/kamar/dbwebb-kurser/mvc/me/report/tests/Game/CardTest.php" line="45" assertions="3" time="0.000205"/>
      </testsuite>
      <testsuite name="App\Tests\Unit\Card\CardTest" file="/home/kamar/dbwebb-kurser/mvc/me/report/tests/Unit/Card/CardTest.php" tests="8" assertions="195" errors="0" warnings="0" failures="0" skipped="0" time="0.002326">
        <testcase name="testCreateCard" class="App\Tests\Unit\Card\CardTest" classname="App.Tests.Unit.Card.CardTest" file="/home/kamar/dbwebb-kurser/mvc/me/report/tests/Unit/Card/CardTest.php" line="16" assertions="4" time="0.000225"/>
        <testcase name="testCardToString" class="App\Tests\Unit\Card\CardTest" classname="App.Tests.Unit.Card.CardTest" file="/home/kamar/dbwebb-kurser/mvc/me/report/tests/Unit/Card/CardTest.php" line="29" assertions="1" time="0.000200"/>
        <testcase name="testCardGetAsString" class="App\Tests\Unit\Card\CardTest" classname="App.Tests.Unit.Card.CardTest" file="/home/kamar/dbwebb-kurser/mvc/me/report/tests/Unit/Card/CardTest.php" line="39" assertions="1" time="0.000196"/>
        <testcase name="testCardNumericValue" class="App\Tests\Unit\Card\CardTest" classname="App.Tests.Unit.Card.CardTest" file="/home/kamar/dbwebb-kurser/mvc/me/report/tests/Unit/Card/CardTest.php" line="49" assertions="1" time="0.000198"/>
        <testcase name="testCardEdgeCases" class="App\Tests\Unit\Card\CardTest" classname="App.Tests.Unit.Card.CardTest" file="/home/kamar/dbwebb-kurser/mvc/me/report/tests/Unit/Card/CardTest.php" line="59" assertions="2" time="0.000204"/>
        <testcase name="testAllSuitSymbols" class="App\Tests\Unit\Card\CardTest" classname="App.Tests.Unit.Card.CardTest" file="/home/kamar/dbwebb-kurser/mvc/me/report/tests/Unit/Card/CardTest.php" line="73" assertions="4" time="0.000233"/>
        <testcase name="testDifferentRanks" class="App\Tests\Unit\Card\CardTest" classname="App.Tests.Unit.Card.CardTest" file="/home/kamar/dbwebb-kurser/mvc/me/report/tests/Unit/Card/CardTest.php" line="91" assertions="26" time="0.000316"/>
        <testcase name="testAllCardCombinations" class="App\Tests\Unit\Card\CardTest" classname="App.Tests.Unit.Card.CardTest" file="/home/kamar/dbwebb-kurser/mvc/me/report/tests/Unit/Card/CardTest.php" line="107" assertions="156" time="0.000754"/>
      </testsuite>
      <testsuite name="App\Tests\Unit\Deck\DeckTest" file="/home/kamar/dbwebb-kurser/mvc/me/report/tests/Unit/Deck/DeckTest.php" tests="3" assertions="6" errors="0" warnings="0" failures="0" skipped="0" time="0.005161">
        <testcase name="testCreateDeck" class="App\Tests\Unit\Deck\DeckTest" classname="App.Tests.Unit.Deck.DeckTest" file="/home/kamar/dbwebb-kurser/mvc/me/report/tests/Unit/Deck/DeckTest.php" line="17" assertions="2" time="0.000564"/>
        <testcase name="testShuffleDeck" class="App\Tests\Unit\Deck\DeckTest" classname="App.Tests.Unit.Deck.DeckTest" file="/home/kamar/dbwebb-kurser/mvc/me/report/tests/Unit/Deck/DeckTest.php" line="28" assertions="2" time="0.004283"/>
        <testcase name="testDrawCard" class="App\Tests\Unit\Deck\DeckTest" classname="App.Tests.Unit.Deck.DeckTest" file="/home/kamar/dbwebb-kurser/mvc/me/report/tests/Unit/Deck/DeckTest.php" line="44" assertions="2" time="0.000315"/>
      </testsuite>
      <testsuite name="App\Tests\Unit\Game\DealerTest" file="/home/kamar/dbwebb-kurser/mvc/me/report/tests/Unit/Game/DealerTest.php" tests="2" assertions="4" errors="0" warnings="0" failures="0" skipped="0" time="0.000729">
        <testcase name="testCreateDealer" class="App\Tests\Unit\Game\DealerTest" classname="App.Tests.Unit.Game.DealerTest" file="/home/kamar/dbwebb-kurser/mvc/me/report/tests/Unit/Game/DealerTest.php" line="11" assertions="2" time="0.000387"/>
        <testcase name="testDealerShouldDraw" class="App\Tests\Unit\Game\DealerTest" classname="App.Tests.Unit.Game.DealerTest" file="/home/kamar/dbwebb-kurser/mvc/me/report/tests/Unit/Game/DealerTest.php" line="19" assertions="2" time="0.000342"/>
      </testsuite>
      <testsuite name="App\Tests\Unit\Game\GameTest" file="/home/kamar/dbwebb-kurser/mvc/me/report/tests/Unit/Game/GameTest.php" tests="5" assertions="7" errors="0" warnings="0" failures="0" skipped="0" time="0.002024">
        <testcase name="testCreateGame" class="App\Tests\Unit\Game\GameTest" classname="App.Tests.Unit.Game.GameTest" file="/home/kamar/dbwebb-kurser/mvc/me/report/tests/Unit/Game/GameTest.php" line="11" assertions="3" time="0.000402"/>
        <testcase name="testGameInitialStatus" class="App\Tests\Unit\Game\GameTest" classname="App.Tests.Unit.Game.GameTest" file="/home/kamar/dbwebb-kurser/mvc/me/report/tests/Unit/Game/GameTest.php" line="20" assertions="1" time="0.000402"/>
        <testcase name="testPlayerHit" class="App\Tests\Unit\Game\GameTest" classname="App.Tests.Unit.Game.GameTest" file="/home/kamar/dbwebb-kurser/mvc/me/report/tests/Unit/Game/GameTest.php" line="27" assertions="1" time="0.000347"/>
        <testcase name="testPlayerStand" class="App\Tests\Unit\Game\GameTest" classname="App.Tests.Unit.Game.GameTest" file="/home/kamar/dbwebb-kurser/mvc/me/report/tests/Unit/Game/GameTest.php" line="37" assertions="1" time="0.000384"/>
        <testcase name="testGetWinner" class="App\Tests\Unit\Game\GameTest" classname="App.Tests.Unit.Game.GameTest" file="/home/kamar/dbwebb-kurser/mvc/me/report/tests/Unit/Game/GameTest.php" line="46" assertions="1" time="0.000489"/>
      </testsuite>
      <testsuite name="App\Tests\Unit\Game\HandTest" file="/home/kamar/dbwebb-kurser/mvc/me/report/tests/Unit/Game/HandTest.php" tests="5" assertions="9" errors="0" warnings="0" failures="0" skipped="0" time="0.001207">
        <testcase name="testCreateHand" class="App\Tests\Unit\Game\HandTest" classname="App.Tests.Unit.Game.HandTest" file="/home/kamar/dbwebb-kurser/mvc/me/report/tests/Unit/Game/HandTest.php" line="11" assertions="3" time="0.000255"/>
        <testcase name="testAddCardToHand" class="App\Tests\Unit\Game\HandTest" classname="App.Tests.Unit.Game.HandTest" file="/home/kamar/dbwebb-kurser/mvc/me/report/tests/Unit/Game/HandTest.php" line="20" assertions="2" time="0.000244"/>
        <testcase name="testHandValueCalculation" class="App\Tests\Unit\Game\HandTest" classname="App.Tests.Unit.Game.HandTest" file="/home/kamar/dbwebb-kurser/mvc/me/report/tests/Unit/Game/HandTest.php" line="31" assertions="1" time="0.000226"/>
        <testcase name="testHandValueWithAces" class="App\Tests\Unit\Game\HandTest" classname="App.Tests.Unit.Game.HandTest" file="/home/kamar/dbwebb-kurser/mvc/me/report/tests/Unit/Game/HandTest.php" line="41" assertions="1" time="0.000247"/>
        <testcase name="testGetAsString" class="App\Tests\Unit\Game\HandTest" classname="App.Tests.Unit.Game.HandTest" file="/home/kamar/dbwebb-kurser/mvc/me/report/tests/Unit/Game/HandTest.php" line="53" assertions="2" time="0.000235"/>
      </testsuite>
      <testsuite name="App\Tests\Unit\Game\PlayerTest" file="/home/kamar/dbwebb-kurser/mvc/me/report/tests/Unit/Game/PlayerTest.php" tests="3" assertions="5" errors="0" warnings="0" failures="0" skipped="0" time="0.000682">
        <testcase name="testCreatePlayer" class="App\Tests\Unit\Game\PlayerTest" classname="App.Tests.Unit.Game.PlayerTest" file="/home/kamar/dbwebb-kurser/mvc/me/report/tests/Unit/Game/PlayerTest.php" line="11" assertions="3" time="0.000233"/>
        <testcase name="testAddCardToPlayer" class="App\Tests\Unit\Game\PlayerTest" classname="App.Tests.Unit.Game.PlayerTest" file="/home/kamar/dbwebb-kurser/mvc/me/report/tests/Unit/Game/PlayerTest.php" line="20" assertions="1" time="0.000216"/>
        <testcase name="testPlayerHandValue" class="App\Tests\Unit\Game\PlayerTest" classname="App.Tests.Unit.Game.PlayerTest" file="/home/kamar/dbwebb-kurser/mvc/me/report/tests/Unit/Game/PlayerTest.php" line="30" assertions="1" time="0.000233"/>
      </testsuite>
    </testsuite>
  </testsuite>
</testsuites>
