<?xml version="1.0" encoding="UTF-8"?>
<testsuites>
  <testsuite name="" tests="43" assertions="275" errors="0" warnings="0" failures="0" skipped="0" time="0.030871">
    <testsuite name="Card Game Test Suite" tests="43" assertions="275" errors="0" warnings="0" failures="0" skipped="0" time="0.030871">
      <testsuite name="Tests\CardTest" file="/home/kamar/dbwebb-kurser/mvc/me/report/tests/CardTest.php" tests="4" assertions="8" errors="0" warnings="0" failures="0" skipped="0" time="0.006497">
        <testcase name="testCardHasSuitAndValue" class="Tests\CardTest" classname="Tests.CardTest" file="/home/kamar/dbwebb-kurser/mvc/me/report/tests/CardTest.php" line="10" assertions="3" time="0.005506"/>
        <testcase name="testCardToString" class="Tests\CardTest" classname="Tests.CardTest" file="/home/kamar/dbwebb-kurser/mvc/me/report/tests/CardTest.php" line="18" assertions="1" time="0.000197"/>
        <testcase name="testCardGetAsString" class="Tests\CardTest" classname="Tests.CardTest" file="/home/kamar/dbwebb-kurser/mvc/me/report/tests/CardTest.php" line="24" assertions="1" time="0.000200"/>
        <testcase name="testCardValueTypes" class="Tests\CardTest" classname="Tests.CardTest" file="/home/kamar/dbwebb-kurser/mvc/me/report/tests/CardTest.php" line="30" assertions="3" time="0.000594"/>
      </testsuite>
      <testsuite name="App\Tests\Dice\DiceGraphicTest" file="/home/kamar/dbwebb-kurser/mvc/me/report/tests/Dice/DiceGraphicTest.php" tests="1" assertions="6" errors="0" warnings="0" failures="0" skipped="0" time="0.002820">
        <testcase name="testRollAndGraphicOutput" class="App\Tests\Dice\DiceGraphicTest" classname="App.Tests.Dice.DiceGraphicTest" file="/home/kamar/dbwebb-kurser/mvc/me/report/tests/Dice/DiceGraphicTest.php" line="9" assertions="6" time="0.002820"/>
      </testsuite>
      <testsuite name="App\Tests\Dice\DiceHandTest" file="/home/kamar/dbwebb-kurser/mvc/me/report/tests/Dice/DiceHandTest.php" tests="3" assertions="13" errors="0" warnings="0" failures="0" skipped="0" time="0.001933">
        <testcase name="testAddAndCountDice" class="App\Tests\Dice\DiceHandTest" classname="App.Tests.Dice.DiceHandTest" file="/home/kamar/dbwebb-kurser/mvc/me/report/tests/Dice/DiceHandTest.php" line="10" assertions="1" time="0.000600"/>
        <testcase name="testRollAndGetValues" class="App\Tests\Dice\DiceHandTest" classname="App.Tests.Dice.DiceHandTest" file="/home/kamar/dbwebb-kurser/mvc/me/report/tests/Dice/DiceHandTest.php" line="19" assertions="9" time="0.001081"/>
        <testcase name="testGetStringReturnsArrayOfStrings" class="App\Tests\Dice\DiceHandTest" classname="App.Tests.Dice.DiceHandTest" file="/home/kamar/dbwebb-kurser/mvc/me/report/tests/Dice/DiceHandTest.php" line="34" assertions="3" time="0.000252"/>
      </testsuite>
      <testsuite name="App\Tests\Dice\DiceTest" file="/home/kamar/dbwebb-kurser/mvc/me/report/tests/Dice/DiceTest.php" tests="2" assertions="6" errors="0" warnings="0" failures="0" skipped="0" time="0.000797">
        <testcase name="testRollSetsValueBetweenOneAndSix" class="App\Tests\Dice\DiceTest" classname="App.Tests.Dice.DiceTest" file="/home/kamar/dbwebb-kurser/mvc/me/report/tests/Dice/DiceTest.php" line="9" assertions="4" time="0.000297"/>
        <testcase name="testGetValueAndAsString" class="App\Tests\Dice\DiceTest" classname="App.Tests.Dice.DiceTest" file="/home/kamar/dbwebb-kurser/mvc/me/report/tests/Dice/DiceTest.php" line="18" assertions="2" time="0.000501"/>
      </testsuite>
      <testsuite name="App\Tests\Form\BookTypeTest" file="/home/kamar/dbwebb-kurser/mvc/me/report/tests/Form/BookTypeTest.php" tests="1" assertions="1" errors="0" warnings="0" failures="0" skipped="0" time="0.001305">
        <testcase name="testBookTypeExists" class="App\Tests\Form\BookTypeTest" classname="App.Tests.Form.BookTypeTest" file="/home/kamar/dbwebb-kurser/mvc/me/report/tests/Form/BookTypeTest.php" line="9" assertions="1" time="0.001305"/>
      </testsuite>
      <testsuite name="Tests\Game\CardTest" file="/home/kamar/dbwebb-kurser/mvc/me/report/tests/Game/CardTest.php" tests="5" assertions="13" errors="0" warnings="0" failures="0" skipped="0" time="0.001642">
        <testcase name="testCardCreation" class="Tests\Game\CardTest" classname="Tests.Game.CardTest" file="/home/kamar/dbwebb-kurser/mvc/me/report/tests/Game/CardTest.php" line="10" assertions="4" time="0.000374"/>
        <testcase name="testToString" class="Tests\Game\CardTest" classname="Tests.Game.CardTest" file="/home/kamar/dbwebb-kurser/mvc/me/report/tests/Game/CardTest.php" line="20" assertions="1" time="0.000229"/>
        <testcase name="testGetAsString" class="Tests\Game\CardTest" classname="Tests.Game.CardTest" file="/home/kamar/dbwebb-kurser/mvc/me/report/tests/Game/CardTest.php" line="27" assertions="1" time="0.000206"/>
        <testcase name="testGetAsStringWithAllSuits" class="Tests\Game\CardTest" classname="Tests.Game.CardTest" file="/home/kamar/dbwebb-kurser/mvc/me/report/tests/Game/CardTest.php" line="34" assertions="4" time="0.000592"/>
        <testcase name="testCardValueTypes" class="Tests\Game\CardTest" classname="Tests.Game.CardTest" file="/home/kamar/dbwebb-kurser/mvc/me/report/tests/Game/CardTest.php" line="45" assertions="3" time="0.000241"/>
      </testsuite>
      <testsuite name="App\Tests\Library\BookTest" file="/home/kamar/dbwebb-kurser/mvc/me/report/tests/Library/BookTest.php" tests="1" assertions="2" errors="0" warnings="0" failures="0" skipped="0" time="0.000756">
        <testcase name="testSettersAndGetters" class="App\Tests\Library\BookTest" classname="App.Tests.Library.BookTest" file="/home/kamar/dbwebb-kurser/mvc/me/report/tests/Library/BookTest.php" line="9" assertions="2" time="0.000756"/>
      </testsuite>
      <testsuite name="App\Tests\Unit\Card\CardTest" file="/home/kamar/dbwebb-kurser/mvc/me/report/tests/Unit/Card/CardTest.php" tests="8" assertions="195" errors="0" warnings="0" failures="0" skipped="0" time="0.002363">
        <testcase name="testCreateCard" class="App\Tests\Unit\Card\CardTest" classname="App.Tests.Unit.Card.CardTest" file="/home/kamar/dbwebb-kurser/mvc/me/report/tests/Unit/Card/CardTest.php" line="16" assertions="4" time="0.000251"/>
        <testcase name="testCardToString" class="App\Tests\Unit\Card\CardTest" classname="App.Tests.Unit.Card.CardTest" file="/home/kamar/dbwebb-kurser/mvc/me/report/tests/Unit/Card/CardTest.php" line="29" assertions="1" time="0.000220"/>
        <testcase name="testCardGetAsString" class="App\Tests\Unit\Card\CardTest" classname="App.Tests.Unit.Card.CardTest" file="/home/kamar/dbwebb-kurser/mvc/me/report/tests/Unit/Card/CardTest.php" line="39" assertions="1" time="0.000207"/>
        <testcase name="testCardNumericValue" class="App\Tests\Unit\Card\CardTest" classname="App.Tests.Unit.Card.CardTest" file="/home/kamar/dbwebb-kurser/mvc/me/report/tests/Unit/Card/CardTest.php" line="49" assertions="1" time="0.000207"/>
        <testcase name="testCardEdgeCases" class="App\Tests\Unit\Card\CardTest" classname="App.Tests.Unit.Card.CardTest" file="/home/kamar/dbwebb-kurser/mvc/me/report/tests/Unit/Card/CardTest.php" line="59" assertions="2" time="0.000215"/>
        <testcase name="testAllSuitSymbols" class="App\Tests\Unit\Card\CardTest" classname="App.Tests.Unit.Card.CardTest" file="/home/kamar/dbwebb-kurser/mvc/me/report/tests/Unit/Card/CardTest.php" line="73" assertions="4" time="0.000227"/>
        <testcase name="testDifferentRanks" class="App\Tests\Unit\Card\CardTest" classname="App.Tests.Unit.Card.CardTest" file="/home/kamar/dbwebb-kurser/mvc/me/report/tests/Unit/Card/CardTest.php" line="91" assertions="26" time="0.000318"/>
        <testcase name="testAllCardCombinations" class="App\Tests\Unit\Card\CardTest" classname="App.Tests.Unit.Card.CardTest" file="/home/kamar/dbwebb-kurser/mvc/me/report/tests/Unit/Card/CardTest.php" line="107" assertions="156" time="0.000718"/>
      </testsuite>
      <testsuite name="App\Tests\Unit\Deck\DeckTest" file="/home/kamar/dbwebb-kurser/mvc/me/report/tests/Unit/Deck/DeckTest.php" tests="3" assertions="6" errors="0" warnings="0" failures="0" skipped="0" time="0.005364">
        <testcase name="testCreateDeck" class="App\Tests\Unit\Deck\DeckTest" classname="App.Tests.Unit.Deck.DeckTest" file="/home/kamar/dbwebb-kurser/mvc/me/report/tests/Unit/Deck/DeckTest.php" line="17" assertions="2" time="0.001126"/>
        <testcase name="testShuffleDeck" class="App\Tests\Unit\Deck\DeckTest" classname="App.Tests.Unit.Deck.DeckTest" file="/home/kamar/dbwebb-kurser/mvc/me/report/tests/Unit/Deck/DeckTest.php" line="28" assertions="2" time="0.003928"/>
        <testcase name="testDrawCard" class="App\Tests\Unit\Deck\DeckTest" classname="App.Tests.Unit.Deck.DeckTest" file="/home/kamar/dbwebb-kurser/mvc/me/report/tests/Unit/Deck/DeckTest.php" line="44" assertions="2" time="0.000310"/>
      </testsuite>
      <testsuite name="App\Tests\Unit\Game\DealerTest" file="/home/kamar/dbwebb-kurser/mvc/me/report/tests/Unit/Game/DealerTest.php" tests="2" assertions="4" errors="0" warnings="0" failures="0" skipped="0" time="0.001818">
        <testcase name="testCreateDealer" class="App\Tests\Unit\Game\DealerTest" classname="App.Tests.Unit.Game.DealerTest" file="/home/kamar/dbwebb-kurser/mvc/me/report/tests/Unit/Game/DealerTest.php" line="11" assertions="2" time="0.001006"/>
        <testcase name="testDealerShouldDraw" class="App\Tests\Unit\Game\DealerTest" classname="App.Tests.Unit.Game.DealerTest" file="/home/kamar/dbwebb-kurser/mvc/me/report/tests/Unit/Game/DealerTest.php" line="19" assertions="2" time="0.000813"/>
      </testsuite>
      <testsuite name="App\Tests\Unit\Game\GameTest" file="/home/kamar/dbwebb-kurser/mvc/me/report/tests/Unit/Game/GameTest.php" tests="5" assertions="7" errors="0" warnings="0" failures="0" skipped="0" time="0.003116">
        <testcase name="testCreateGame" class="App\Tests\Unit\Game\GameTest" classname="App.Tests.Unit.Game.GameTest" file="/home/kamar/dbwebb-kurser/mvc/me/report/tests/Unit/Game/GameTest.php" line="11" assertions="3" time="0.000752"/>
        <testcase name="testGameInitialStatus" class="App\Tests\Unit\Game\GameTest" classname="App.Tests.Unit.Game.GameTest" file="/home/kamar/dbwebb-kurser/mvc/me/report/tests/Unit/Game/GameTest.php" line="20" assertions="1" time="0.000340"/>
        <testcase name="testPlayerHit" class="App\Tests\Unit\Game\GameTest" classname="App.Tests.Unit.Game.GameTest" file="/home/kamar/dbwebb-kurser/mvc/me/report/tests/Unit/Game/GameTest.php" line="27" assertions="1" time="0.000324"/>
        <testcase name="testPlayerStand" class="App\Tests\Unit\Game\GameTest" classname="App.Tests.Unit.Game.GameTest" file="/home/kamar/dbwebb-kurser/mvc/me/report/tests/Unit/Game/GameTest.php" line="37" assertions="1" time="0.000536"/>
        <testcase name="testGetWinner" class="App\Tests\Unit\Game\GameTest" classname="App.Tests.Unit.Game.GameTest" file="/home/kamar/dbwebb-kurser/mvc/me/report/tests/Unit/Game/GameTest.php" line="46" assertions="1" time="0.001165"/>
      </testsuite>
      <testsuite name="App\Tests\Unit\Game\HandTest" file="/home/kamar/dbwebb-kurser/mvc/me/report/tests/Unit/Game/HandTest.php" tests="5" assertions="9" errors="0" warnings="0" failures="0" skipped="0" time="0.001764">
        <testcase name="testCreateHand" class="App\Tests\Unit\Game\HandTest" classname="App.Tests.Unit.Game.HandTest" file="/home/kamar/dbwebb-kurser/mvc/me/report/tests/Unit/Game/HandTest.php" line="11" assertions="3" time="0.000483"/>
        <testcase name="testAddCardToHand" class="App\Tests\Unit\Game\HandTest" classname="App.Tests.Unit.Game.HandTest" file="/home/kamar/dbwebb-kurser/mvc/me/report/tests/Unit/Game/HandTest.php" line="20" assertions="2" time="0.000235"/>
        <testcase name="testHandValueCalculation" class="App\Tests\Unit\Game\HandTest" classname="App.Tests.Unit.Game.HandTest" file="/home/kamar/dbwebb-kurser/mvc/me/report/tests/Unit/Game/HandTest.php" line="31" assertions="1" time="0.000246"/>
        <testcase name="testHandValueWithAces" class="App\Tests\Unit\Game\HandTest" classname="App.Tests.Unit.Game.HandTest" file="/home/kamar/dbwebb-kurser/mvc/me/report/tests/Unit/Game/HandTest.php" line="41" assertions="1" time="0.000503"/>
        <testcase name="testGetAsString" class="App\Tests\Unit\Game\HandTest" classname="App.Tests.Unit.Game.HandTest" file="/home/kamar/dbwebb-kurser/mvc/me/report/tests/Unit/Game/HandTest.php" line="53" assertions="2" time="0.000298"/>
      </testsuite>
      <testsuite name="App\Tests\Unit\Game\PlayerTest" file="/home/kamar/dbwebb-kurser/mvc/me/report/tests/Unit/Game/PlayerTest.php" tests="3" assertions="5" errors="0" warnings="0" failures="0" skipped="0" time="0.000695">
        <testcase name="testCreatePlayer" class="App\Tests\Unit\Game\PlayerTest" classname="App.Tests.Unit.Game.PlayerTest" file="/home/kamar/dbwebb-kurser/mvc/me/report/tests/Unit/Game/PlayerTest.php" line="11" assertions="3" time="0.000237"/>
        <testcase name="testAddCardToPlayer" class="App\Tests\Unit\Game\PlayerTest" classname="App.Tests.Unit.Game.PlayerTest" file="/home/kamar/dbwebb-kurser/mvc/me/report/tests/Unit/Game/PlayerTest.php" line="20" assertions="1" time="0.000221"/>
        <testcase name="testPlayerHandValue" class="App\Tests\Unit\Game\PlayerTest" classname="App.Tests.Unit.Game.PlayerTest" file="/home/kamar/dbwebb-kurser/mvc/me/report/tests/Unit/Game/PlayerTest.php" line="30" assertions="1" time="0.000237"/>
      </testsuite>
    </testsuite>
  </testsuite>
</testsuites>
